     5>D:\projects\2024-misis-fall\misis2024f-24-03-safro-d-d\prj.check\prj.check\doctest_arrayt\doctest_arrayt.cpp(3,10): error C1083: Cannot open include file: 'arrayt/arrayt.hpp': No such file or directory [D:\projects\2024-misis-fall\misis2024f-24-03-safro-d-d\build.check\prj.check\prj.check\doctest_arrayt\doctest_arrayt.vcxproj]
     8>D:\projects\2024-misis-fall\misis2024f-24-03-safro-d-d\prj.check\prj.check\doctest_rational\doctest_rational.cpp(3,10): error C1083: Cannot open include file: 'rational/rational.hpp': No such file or directory [D:\projects\2024-misis-fall\misis2024f-24-03-safro-d-d\build.check\prj.check\prj.check\doctest_rational\doctest_rational.vcxproj]
     6>D:\projects\2024-misis-fall\misis2024f-24-03-safro-d-d\prj.check\prj.check\doctest_complex\doctest_complex_io.cpp(3,10): error C1083: Cannot open include file: 'complex/complex.hpp': No such file or directory [D:\projects\2024-misis-fall\misis2024f-24-03-safro-d-d\build.check\prj.check\prj.check\doctest_complex\doctest_complex_io.vcxproj]
     7>D:\projects\2024-misis-fall\misis2024f-24-03-safro-d-d\prj.check\prj.check\doctest_complex\doctest_complex.cpp(3,10): error C1083: Cannot open include file: 'complex/complex.hpp': No such file or directory [D:\projects\2024-misis-fall\misis2024f-24-03-safro-d-d\build.check\prj.check\prj.check\doctest_complex\doctest_complex.vcxproj]
     3>D:\projects\2024-misis-fall\misis2024f-24-03-safro-d-d\prj.check\prj.check\doctest_arrayd\doctest_arrayd.cpp(3,10): error C1083: Cannot open include file: 'arrayd/arrayd.hpp': No such file or directory [D:\projects\2024-misis-fall\misis2024f-24-03-safro-d-d\build.check\prj.check\prj.check\doctest_arrayd\doctest_arrayd.vcxproj]
    10>D:\projects\2024-misis-fall\misis2024f-24-03-safro-d-d\prj.check\prj.check\doctest_rational\doctest_rational_io.cpp(3,10): error C1083: Cannot open include file: 'rational/rational.hpp': No such file or directory [D:\projects\2024-misis-fall\misis2024f-24-03-safro-d-d\build.check\prj.check\prj.check\doctest_rational\doctest_rational_io.vcxproj]
     4>D:\projects\2024-misis-fall\misis2024f-24-03-safro-d-d\prj.check\prj.check\doctest_stackl\doctest_stackl.cpp(7,10): error C1083: Cannot open include file: 'stackl/stackl.hpp': No such file or directory [D:\projects\2024-misis-fall\misis2024f-24-03-safro-d-d\build.check\prj.check\prj.check\doctest_stackl\doctest_stackl.vcxproj]
     9>D:\projects\2024-misis-fall\misis2024f-24-03-safro-d-d\prj.check\prj.check\doctest_queuea\doctest_queuea.cpp(7,10): error C1083: Cannot open include file: 'queuea/queuea.hpp': No such file or directory [D:\projects\2024-misis-fall\misis2024f-24-03-safro-d-d\build.check\prj.check\prj.check\doctest_queuea\doctest_queuea.vcxproj]
